CRITICAL - 2024-02-02 14:47:28 --> ErrorException: Undefined property: Config\App::$baseURL
in SYSTEMPATH\HTTP\SiteURI.php on line 195.
 1 SYSTEMPATH\HTTP\SiteURI.php(195): CodeIgniter\Debug\Exceptions->errorHandler(2, 'Undefined property: Config\\App::$baseURL', 'C:\\xampp\\htdocs\\solicitudesBackend\\system\\HTTP\\SiteURI.php', 195)
 2 SYSTEMPATH\HTTP\SiteURI.php(145): CodeIgniter\HTTP\SiteURI->normalizeBaseURL(Object(Config\App))
 3 SYSTEMPATH\HTTP\SiteURI.php(100): CodeIgniter\HTTP\SiteURI->determineBaseURL(Object(Config\App), null, null)
 4 SYSTEMPATH\HTTP\SiteURIFactory.php(224): CodeIgniter\HTTP\SiteURI->__construct(Object(Config\App), 'ingresar?user=prueba3&pass=123456', null)
 5 SYSTEMPATH\HTTP\SiteURIFactory.php(45): CodeIgniter\HTTP\SiteURIFactory->createURIFromRoutePath('ingresar')
 6 SYSTEMPATH\Config\Services.php(799): CodeIgniter\HTTP\SiteURIFactory->createFromGlobals()
 7 SYSTEMPATH\Config\BaseService.php(258): CodeIgniter\Config\Services::uri(null, false)
 8 SYSTEMPATH\Config\BaseService.php(199): CodeIgniter\Config\BaseService::__callStatic('uri', [...])
 9 SYSTEMPATH\Config\Services.php(792): CodeIgniter\Config\BaseService::getSharedInstance('uri', null)
10 SYSTEMPATH\Config\BaseService.php(258): CodeIgniter\Config\Services::uri()
11 SYSTEMPATH\Config\Services.php(566): CodeIgniter\Config\BaseService::__callStatic('uri', [])
12 SYSTEMPATH\Config\BaseService.php(258): CodeIgniter\Config\Services::incomingrequest(Object(Config\App), false)
13 SYSTEMPATH\Config\Services.php(524): CodeIgniter\Config\BaseService::__callStatic('incomingrequest', [...])
14 SYSTEMPATH\Config\BaseService.php(258): CodeIgniter\Config\Services::request(Object(Config\App), false)
15 SYSTEMPATH\Config\BaseService.php(199): CodeIgniter\Config\BaseService::__callStatic('request', [...])
16 SYSTEMPATH\Config\Services.php(559): CodeIgniter\Config\BaseService::getSharedInstance('request', Object(Config\App))
17 SYSTEMPATH\Config\BaseService.php(258): CodeIgniter\Config\Services::incomingrequest(Object(Config\App))
18 SYSTEMPATH\Config\Services.php(539): CodeIgniter\Config\BaseService::__callStatic('incomingrequest', [...])
19 SYSTEMPATH\Config\BaseService.php(258): CodeIgniter\Config\Services::createRequest(Object(Config\App))
20 SYSTEMPATH\CodeIgniter.php(655): CodeIgniter\Config\BaseService::__callStatic('createRequest', [...])
21 SYSTEMPATH\CodeIgniter.php(355): CodeIgniter\CodeIgniter->getRequestObject()
22 FCPATH\index.php(79): CodeIgniter\CodeIgniter->run()
CRITICAL - 2024-02-02 14:47:28 --> ErrorException: Uncaught ErrorException: Undefined property: Config\App::$baseURL in C:\xampp\htdocs\solicitudesBackend\system\HTTP\SiteURI.php:195
Stack trace:
#0 C:\xampp\htdocs\solicitudesBackend\system\HTTP\SiteURI.php(195): CodeIgniter\Debug\Exceptions->errorHandler(2, 'Undefined prope...', 'C:\\xampp\\htdocs...', 195)
#1 C:\xampp\htdocs\solicitudesBackend\system\HTTP\SiteURI.php(145): CodeIgniter\HTTP\SiteURI->normalizeBaseURL(Object(Config\App))
#2 C:\xampp\htdocs\solicitudesBackend\system\HTTP\SiteURI.php(100): CodeIgniter\HTTP\SiteURI->determineBaseURL(Object(Config\App), NULL, NULL)
#3 C:\xampp\htdocs\solicitudesBackend\system\HTTP\SiteURIFactory.php(224): CodeIgniter\HTTP\SiteURI->__construct(Object(Config\App), 'ingresar?user=p...', NULL)
#4 C:\xampp\htdocs\solicitudesBackend\system\HTTP\SiteURIFactory.php(45): CodeIgniter\HTTP\SiteURIFactory->createURIFromRoutePath('ingresar')
#5 C:\xampp\htdocs\solicitudesBackend\system\Config\Services.php(799): CodeIgniter\HTTP\SiteURIFactory->createFromGlobals()
#6 C:\xampp\htdocs\solicitudesBackend\system\Config\BaseService.php(258): CodeIgniter\Config\Services::uri(NULL, false)
#7 C:\xampp\htdocs\solicitudesBackend\system\Config\BaseService.php(199): CodeIgniter\Config\BaseService::__callStatic('uri', Array)
#8 C:\xampp\htdocs\solicitudesBackend\system\Config\Services.php(792): CodeIgniter\Config\BaseService::getSharedInstance('uri', NULL)
#9 C:\xampp\htdocs\solicitudesBackend\system\Config\BaseService.php(258): CodeIgniter\Config\Services::uri()
#10 C:\xampp\htdocs\solicitudesBackend\system\Config\Services.php(566): CodeIgniter\Config\BaseService::__callStatic('uri', Array)
#11 C:\xampp\htdocs\solicitudesBackend\system\Config\BaseService.php(258): CodeIgniter\Config\Services::incomingrequest(Object(Config\App), false)
#12 C:\xampp\htdocs\solicitudesBackend\system\Config\Services.php(524): CodeIgniter\Config\BaseService::__callStatic('incomingrequest', Array)
#13 C:\xampp\htdocs\solicitudesBackend\system\Config\BaseService.php(258): CodeIgniter\Config\Services::request(NULL, false)
#14 C:\xampp\htdocs\solicitudesBackend\system\Config\BaseService.php(199): CodeIgniter\Config\BaseService::__callStatic('request', Array)
#15 C:\xampp\htdocs\solicitudesBackend\system\Config\Services.php(520): CodeIgniter\Config\BaseService::getSharedInstance('request', NULL)
#16 C:\xampp\htdocs\solicitudesBackend\system\Config\BaseService.php(258): CodeIgniter\Config\Services::request()
#17 C:\xampp\htdocs\solicitudesBackend\system\Debug\Exceptions.php(150): CodeIgniter\Config\BaseService::__callStatic('request', Array)
#18 [internal function]: CodeIgniter\Debug\Exceptions->exceptionHandler(Object(ErrorException))
#19 {main}
  thrown
ã€Previous Exceptionã€‘
ErrorException
Undefined property: Config\App::$baseURL
#0 C:\xampp\htdocs\solicitudesBackend\system\HTTP\SiteURI.php(195): CodeIgniter\Debug\Exceptions->errorHandler(2, 'Undefined prope...', 'C:\\xampp\\htdocs...', 195)
#1 C:\xampp\htdocs\solicitudesBackend\system\HTTP\SiteURI.php(145): CodeIgniter\HTTP\SiteURI->normalizeBaseURL(Object(Config\App))
#2 C:\xampp\htdocs\solicitudesBackend\system\HTTP\SiteURI.php(100): CodeIgniter\HTTP\SiteURI->determineBaseURL(Object(Config\App), NULL, NULL)
#3 C:\xampp\htdocs\solicitudesBackend\system\HTTP\SiteURIFactory.php(224): CodeIgniter\HTTP\SiteURI->__construct(Object(Config\App), 'ingresar?user=p...', NULL)
#4 C:\xampp\htdocs\solicitudesBackend\system\HTTP\SiteURIFactory.php(45): CodeIgniter\HTTP\SiteURIFactory->createURIFromRoutePath('ingresar')
#5 C:\xampp\htdocs\solicitudesBackend\system\Config\Services.php(799): CodeIgniter\HTTP\SiteURIFactory->createFromGlobals()
#6 C:\xampp\htdocs\solicitudesBackend\system\Config\BaseService.php(258): CodeIgniter\Config\Services::uri(NULL, false)
#7 C:\xampp\htdocs\solicitudesBackend\system\Config\BaseService.php(199): CodeIgniter\Config\BaseService::__callStatic('uri', Array)
#8 C:\xampp\htdocs\solicitudesBackend\system\Config\Services.php(792): CodeIgniter\Config\BaseService::getSharedInstance('uri', NULL)
#9 C:\xampp\htdocs\solicitudesBackend\system\Config\BaseService.php(258): CodeIgniter\Config\Services::uri()
#10 C:\xampp\htdocs\solicitudesBackend\system\Config\Services.php(566): CodeIgniter\Config\BaseService::__callStatic('uri', Array)
#11 C:\xampp\htdocs\solicitudesBackend\system\Config\BaseService.php(258): CodeIgniter\Config\Services::incomingrequest(Object(Config\App), false)
#12 C:\xampp\htdocs\solicitudesBackend\system\Config\Services.php(524): CodeIgniter\Config\BaseService::__callStatic('incomingrequest', Array)
#13 C:\xampp\htdocs\solicitudesBackend\system\Config\BaseService.php(258): CodeIgniter\Config\Services::request(Object(Config\App), false)
#14 C:\xampp\htdocs\solicitudesBackend\system\Config\BaseService.php(199): CodeIgniter\Config\BaseService::__callStatic('request', Array)
#15 C:\xampp\htdocs\solicitudesBackend\system\Config\Services.php(559): CodeIgniter\Config\BaseService::getSharedInstance('request', Object(Config\App))
#16 C:\xampp\htdocs\solicitudesBackend\system\Config\BaseService.php(258): CodeIgniter\Config\Services::incomingrequest(Object(Config\App))
#17 C:\xampp\htdocs\solicitudesBackend\system\Config\Services.php(539): CodeIgniter\Config\BaseService::__callStatic('incomingrequest', Array)
#18 C:\xampp\htdocs\solicitudesBackend\system\Config\BaseService.php(258): CodeIgniter\Config\Services::createRequest(Object(Config\App))
#19 C:\xampp\htdocs\solicitudesBackend\system\CodeIgniter.php(655): CodeIgniter\Config\BaseService::__callStatic('createRequest', Array)
#20 C:\xampp\htdocs\solicitudesBackend\system\CodeIgniter.php(355): CodeIgniter\CodeIgniter->getRequestObject()
#21 C:\xampp\htdocs\solicitudesBackend\public\index.php(79): CodeIgniter\CodeIgniter->run()
#22 {main}
in SYSTEMPATH\HTTP\SiteURI.php on line 195.
 1 [internal function]: CodeIgniter\Debug\Exceptions->shutdownHandler()
CRITICAL - 2024-02-02 14:47:43 --> ErrorException: Undefined property: Config\App::$baseURL
in SYSTEMPATH\HTTP\SiteURI.php on line 195.
 1 SYSTEMPATH\HTTP\SiteURI.php(195): CodeIgniter\Debug\Exceptions->errorHandler(2, 'Undefined property: Config\\App::$baseURL', 'C:\\xampp\\htdocs\\solicitudesBackend\\system\\HTTP\\SiteURI.php', 195)
 2 SYSTEMPATH\HTTP\SiteURI.php(145): CodeIgniter\HTTP\SiteURI->normalizeBaseURL(Object(Config\App))
 3 SYSTEMPATH\HTTP\SiteURI.php(100): CodeIgniter\HTTP\SiteURI->determineBaseURL(Object(Config\App), null, null)
 4 SYSTEMPATH\HTTP\SiteURIFactory.php(224): CodeIgniter\HTTP\SiteURI->__construct(Object(Config\App), 'ingresar?user=prueba3&pass=123456', null)
 5 SYSTEMPATH\HTTP\SiteURIFactory.php(45): CodeIgniter\HTTP\SiteURIFactory->createURIFromRoutePath('ingresar')
 6 SYSTEMPATH\Config\Services.php(799): CodeIgniter\HTTP\SiteURIFactory->createFromGlobals()
 7 SYSTEMPATH\Config\BaseService.php(258): CodeIgniter\Config\Services::uri(null, false)
 8 SYSTEMPATH\Config\BaseService.php(199): CodeIgniter\Config\BaseService::__callStatic('uri', [...])
 9 SYSTEMPATH\Config\Services.php(792): CodeIgniter\Config\BaseService::getSharedInstance('uri', null)
10 SYSTEMPATH\Config\BaseService.php(258): CodeIgniter\Config\Services::uri()
11 SYSTEMPATH\Config\Services.php(566): CodeIgniter\Config\BaseService::__callStatic('uri', [])
12 SYSTEMPATH\Config\BaseService.php(258): CodeIgniter\Config\Services::incomingrequest(Object(Config\App), false)
13 SYSTEMPATH\Config\Services.php(524): CodeIgniter\Config\BaseService::__callStatic('incomingrequest', [...])
14 SYSTEMPATH\Config\BaseService.php(258): CodeIgniter\Config\Services::request(Object(Config\App), false)
15 SYSTEMPATH\Config\BaseService.php(199): CodeIgniter\Config\BaseService::__callStatic('request', [...])
16 SYSTEMPATH\Config\Services.php(559): CodeIgniter\Config\BaseService::getSharedInstance('request', Object(Config\App))
17 SYSTEMPATH\Config\BaseService.php(258): CodeIgniter\Config\Services::incomingrequest(Object(Config\App))
18 SYSTEMPATH\Config\Services.php(539): CodeIgniter\Config\BaseService::__callStatic('incomingrequest', [...])
19 SYSTEMPATH\Config\BaseService.php(258): CodeIgniter\Config\Services::createRequest(Object(Config\App))
20 SYSTEMPATH\CodeIgniter.php(655): CodeIgniter\Config\BaseService::__callStatic('createRequest', [...])
21 SYSTEMPATH\CodeIgniter.php(355): CodeIgniter\CodeIgniter->getRequestObject()
22 FCPATH\index.php(79): CodeIgniter\CodeIgniter->run()
CRITICAL - 2024-02-02 14:47:43 --> ErrorException: Uncaught ErrorException: Undefined property: Config\App::$baseURL in C:\xampp\htdocs\solicitudesBackend\system\HTTP\SiteURI.php:195
Stack trace:
#0 C:\xampp\htdocs\solicitudesBackend\system\HTTP\SiteURI.php(195): CodeIgniter\Debug\Exceptions->errorHandler(2, 'Undefined prope...', 'C:\\xampp\\htdocs...', 195)
#1 C:\xampp\htdocs\solicitudesBackend\system\HTTP\SiteURI.php(145): CodeIgniter\HTTP\SiteURI->normalizeBaseURL(Object(Config\App))
#2 C:\xampp\htdocs\solicitudesBackend\system\HTTP\SiteURI.php(100): CodeIgniter\HTTP\SiteURI->determineBaseURL(Object(Config\App), NULL, NULL)
#3 C:\xampp\htdocs\solicitudesBackend\system\HTTP\SiteURIFactory.php(224): CodeIgniter\HTTP\SiteURI->__construct(Object(Config\App), 'ingresar?user=p...', NULL)
#4 C:\xampp\htdocs\solicitudesBackend\system\HTTP\SiteURIFactory.php(45): CodeIgniter\HTTP\SiteURIFactory->createURIFromRoutePath('ingresar')
#5 C:\xampp\htdocs\solicitudesBackend\system\Config\Services.php(799): CodeIgniter\HTTP\SiteURIFactory->createFromGlobals()
#6 C:\xampp\htdocs\solicitudesBackend\system\Config\BaseService.php(258): CodeIgniter\Config\Services::uri(NULL, false)
#7 C:\xampp\htdocs\solicitudesBackend\system\Config\BaseService.php(199): CodeIgniter\Config\BaseService::__callStatic('uri', Array)
#8 C:\xampp\htdocs\solicitudesBackend\system\Config\Services.php(792): CodeIgniter\Config\BaseService::getSharedInstance('uri', NULL)
#9 C:\xampp\htdocs\solicitudesBackend\system\Config\BaseService.php(258): CodeIgniter\Config\Services::uri()
#10 C:\xampp\htdocs\solicitudesBackend\system\Config\Services.php(566): CodeIgniter\Config\BaseService::__callStatic('uri', Array)
#11 C:\xampp\htdocs\solicitudesBackend\system\Config\BaseService.php(258): CodeIgniter\Config\Services::incomingrequest(Object(Config\App), false)
#12 C:\xampp\htdocs\solicitudesBackend\system\Config\Services.php(524): CodeIgniter\Config\BaseService::__callStatic('incomingrequest', Array)
#13 C:\xampp\htdocs\solicitudesBackend\system\Config\BaseService.php(258): CodeIgniter\Config\Services::request(NULL, false)
#14 C:\xampp\htdocs\solicitudesBackend\system\Config\BaseService.php(199): CodeIgniter\Config\BaseService::__callStatic('request', Array)
#15 C:\xampp\htdocs\solicitudesBackend\system\Config\Services.php(520): CodeIgniter\Config\BaseService::getSharedInstance('request', NULL)
#16 C:\xampp\htdocs\solicitudesBackend\system\Config\BaseService.php(258): CodeIgniter\Config\Services::request()
#17 C:\xampp\htdocs\solicitudesBackend\system\Debug\Exceptions.php(150): CodeIgniter\Config\BaseService::__callStatic('request', Array)
#18 [internal function]: CodeIgniter\Debug\Exceptions->exceptionHandler(Object(ErrorException))
#19 {main}
  thrown
ã€Previous Exceptionã€‘
ErrorException
Undefined property: Config\App::$baseURL
#0 C:\xampp\htdocs\solicitudesBackend\system\HTTP\SiteURI.php(195): CodeIgniter\Debug\Exceptions->errorHandler(2, 'Undefined prope...', 'C:\\xampp\\htdocs...', 195)
#1 C:\xampp\htdocs\solicitudesBackend\system\HTTP\SiteURI.php(145): CodeIgniter\HTTP\SiteURI->normalizeBaseURL(Object(Config\App))
#2 C:\xampp\htdocs\solicitudesBackend\system\HTTP\SiteURI.php(100): CodeIgniter\HTTP\SiteURI->determineBaseURL(Object(Config\App), NULL, NULL)
#3 C:\xampp\htdocs\solicitudesBackend\system\HTTP\SiteURIFactory.php(224): CodeIgniter\HTTP\SiteURI->__construct(Object(Config\App), 'ingresar?user=p...', NULL)
#4 C:\xampp\htdocs\solicitudesBackend\system\HTTP\SiteURIFactory.php(45): CodeIgniter\HTTP\SiteURIFactory->createURIFromRoutePath('ingresar')
#5 C:\xampp\htdocs\solicitudesBackend\system\Config\Services.php(799): CodeIgniter\HTTP\SiteURIFactory->createFromGlobals()
#6 C:\xampp\htdocs\solicitudesBackend\system\Config\BaseService.php(258): CodeIgniter\Config\Services::uri(NULL, false)
#7 C:\xampp\htdocs\solicitudesBackend\system\Config\BaseService.php(199): CodeIgniter\Config\BaseService::__callStatic('uri', Array)
#8 C:\xampp\htdocs\solicitudesBackend\system\Config\Services.php(792): CodeIgniter\Config\BaseService::getSharedInstance('uri', NULL)
#9 C:\xampp\htdocs\solicitudesBackend\system\Config\BaseService.php(258): CodeIgniter\Config\Services::uri()
#10 C:\xampp\htdocs\solicitudesBackend\system\Config\Services.php(566): CodeIgniter\Config\BaseService::__callStatic('uri', Array)
#11 C:\xampp\htdocs\solicitudesBackend\system\Config\BaseService.php(258): CodeIgniter\Config\Services::incomingrequest(Object(Config\App), false)
#12 C:\xampp\htdocs\solicitudesBackend\system\Config\Services.php(524): CodeIgniter\Config\BaseService::__callStatic('incomingrequest', Array)
#13 C:\xampp\htdocs\solicitudesBackend\system\Config\BaseService.php(258): CodeIgniter\Config\Services::request(Object(Config\App), false)
#14 C:\xampp\htdocs\solicitudesBackend\system\Config\BaseService.php(199): CodeIgniter\Config\BaseService::__callStatic('request', Array)
#15 C:\xampp\htdocs\solicitudesBackend\system\Config\Services.php(559): CodeIgniter\Config\BaseService::getSharedInstance('request', Object(Config\App))
#16 C:\xampp\htdocs\solicitudesBackend\system\Config\BaseService.php(258): CodeIgniter\Config\Services::incomingrequest(Object(Config\App))
#17 C:\xampp\htdocs\solicitudesBackend\system\Config\Services.php(539): CodeIgniter\Config\BaseService::__callStatic('incomingrequest', Array)
#18 C:\xampp\htdocs\solicitudesBackend\system\Config\BaseService.php(258): CodeIgniter\Config\Services::createRequest(Object(Config\App))
#19 C:\xampp\htdocs\solicitudesBackend\system\CodeIgniter.php(655): CodeIgniter\Config\BaseService::__callStatic('createRequest', Array)
#20 C:\xampp\htdocs\solicitudesBackend\system\CodeIgniter.php(355): CodeIgniter\CodeIgniter->getRequestObject()
#21 C:\xampp\htdocs\solicitudesBackend\public\index.php(79): CodeIgniter\CodeIgniter->run()
#22 {main}
in SYSTEMPATH\HTTP\SiteURI.php on line 195.
 1 [internal function]: CodeIgniter\Debug\Exceptions->shutdownHandler()
INFO - 2024-02-02 15:27:41 --> Session: Class initialized using 'CodeIgniter\Session\Handlers\FileHandler' driver.
CRITICAL - 2024-02-02 15:27:41 --> ErrorException: Undefined variable $ession
in APPPATH\Controllers\Inicio.php on line 22.
 1 APPPATH\Controllers\Inicio.php(22): CodeIgniter\Debug\Exceptions->errorHandler(2, 'Undefined variable $ession', 'C:\\xampp\\htdocs\\solicitudesBackend\\app\\Controllers\\Inicio.php', 22)
 2 SYSTEMPATH\CodeIgniter.php(941): App\Controllers\Inicio->inicio()
 3 SYSTEMPATH\CodeIgniter.php(502): CodeIgniter\CodeIgniter->runController(Object(App\Controllers\Inicio))
 4 SYSTEMPATH\CodeIgniter.php(361): CodeIgniter\CodeIgniter->handleRequest(null, Object(Config\Cache), false)
 5 FCPATH\index.php(79): CodeIgniter\CodeIgniter->run()
INFO - 2024-02-02 15:27:49 --> Session: Class initialized using 'CodeIgniter\Session\Handlers\FileHandler' driver.
CRITICAL - 2024-02-02 15:42:38 --> CodeIgniter\Security\Exceptions\SecurityException: The action you requested is not allowed.
in SYSTEMPATH\Security\Security.php on line 300.
 1 SYSTEMPATH\Security\Security.php(300): CodeIgniter\Security\Exceptions\SecurityException::forDisallowedAction()
 2 SYSTEMPATH\Filters\CSRF.php(56): CodeIgniter\Security\Security->verify(Object(CodeIgniter\HTTP\IncomingRequest))
 3 SYSTEMPATH\Filters\Filters.php(182): CodeIgniter\Filters\CSRF->before(Object(CodeIgniter\HTTP\IncomingRequest), null)
 4 SYSTEMPATH\CodeIgniter.php(474): CodeIgniter\Filters\Filters->run('ingresar', 'before')
 5 SYSTEMPATH\CodeIgniter.php(361): CodeIgniter\CodeIgniter->handleRequest(null, Object(Config\Cache), false)
 6 FCPATH\index.php(79): CodeIgniter\CodeIgniter->run()
CRITICAL - 2024-02-02 15:47:28 --> CodeIgniter\Honeypot\Exceptions\HoneypotException: Honeypot.theClientIsABot
in SYSTEMPATH\Filters\Honeypot.php on line 42.
 1 SYSTEMPATH\Filters\Honeypot.php(42): CodeIgniter\Honeypot\Exceptions\HoneypotException::isBot()
 2 SYSTEMPATH\Filters\Filters.php(182): CodeIgniter\Filters\Honeypot->before(Object(CodeIgniter\HTTP\IncomingRequest), null)
 3 SYSTEMPATH\CodeIgniter.php(474): CodeIgniter\Filters\Filters->run('ingresar', 'before')
 4 SYSTEMPATH\CodeIgniter.php(361): CodeIgniter\CodeIgniter->handleRequest(null, Object(Config\Cache), false)
 5 FCPATH\index.php(79): CodeIgniter\CodeIgniter->run()
CRITICAL - 2024-02-02 16:41:42 --> ParseError: syntax error, unexpected token ":"
in APPPATH\Controllers\Inicio.php on line 24.
 1 SYSTEMPATH\Autoloader\Autoloader.php(288): CodeIgniter\Autoloader\Autoloader->includeFile('C:\\xampp\\htdocs\\solicitudesBackend\\app\\Controllers\\Inicio.php')
 2 SYSTEMPATH\Autoloader\Autoloader.php(266): CodeIgniter\Autoloader\Autoloader->loadInNamespace('App\\Controllers\\Inicio')
 3 [internal function]: CodeIgniter\Autoloader\Autoloader->loadClass('App\\Controllers\\Inicio')
 4 SYSTEMPATH\CodeIgniter.php(899): class_exists('\\App\\Controllers\\Inicio', true)
 5 SYSTEMPATH\CodeIgniter.php(489): CodeIgniter\CodeIgniter->startController()
 6 SYSTEMPATH\CodeIgniter.php(361): CodeIgniter\CodeIgniter->handleRequest(null, Object(Config\Cache), false)
 7 FCPATH\index.php(79): CodeIgniter\CodeIgniter->run()
CRITICAL - 2024-02-02 16:41:52 --> Error: Call to undefined function App\Controllers\var_dumo()
in APPPATH\Controllers\Inicio.php on line 24.
 1 SYSTEMPATH\CodeIgniter.php(941): App\Controllers\Inicio->inicio()
 2 SYSTEMPATH\CodeIgniter.php(502): CodeIgniter\CodeIgniter->runController(Object(App\Controllers\Inicio))
 3 SYSTEMPATH\CodeIgniter.php(361): CodeIgniter\CodeIgniter->handleRequest(null, Object(Config\Cache), false)
 4 FCPATH\index.php(79): CodeIgniter\CodeIgniter->run()
CRITICAL - 2024-02-02 16:42:07 --> Error: Call to undefined function App\Controllers\var_dum()
in APPPATH\Controllers\Inicio.php on line 24.
 1 SYSTEMPATH\CodeIgniter.php(941): App\Controllers\Inicio->inicio()
 2 SYSTEMPATH\CodeIgniter.php(502): CodeIgniter\CodeIgniter->runController(Object(App\Controllers\Inicio))
 3 SYSTEMPATH\CodeIgniter.php(361): CodeIgniter\CodeIgniter->handleRequest(null, Object(Config\Cache), false)
 4 FCPATH\index.php(79): CodeIgniter\CodeIgniter->run()
CRITICAL - 2024-02-02 17:20:05 --> TypeError: view(): Argument #2 ($data) must be of type array, stdClass given, called in C:\xampp\htdocs\solicitudesBackend\app\Controllers\Inicio.php on line 30
in SYSTEMPATH\Common.php on line 1166.
 1 APPPATH\Controllers\Inicio.php(30): view('inicio', Object(stdClass))
 2 SYSTEMPATH\CodeIgniter.php(941): App\Controllers\Inicio->inicio()
 3 SYSTEMPATH\CodeIgniter.php(502): CodeIgniter\CodeIgniter->runController(Object(App\Controllers\Inicio))
 4 SYSTEMPATH\CodeIgniter.php(361): CodeIgniter\CodeIgniter->handleRequest(null, Object(Config\Cache), false)
 5 FCPATH\index.php(79): CodeIgniter\CodeIgniter->run()
CRITICAL - 2024-02-02 17:20:31 --> TypeError: view(): Argument #2 ($data) must be of type array, stdClass given, called in C:\xampp\htdocs\solicitudesBackend\app\Controllers\Inicio.php on line 30
in SYSTEMPATH\Common.php on line 1166.
 1 APPPATH\Controllers\Inicio.php(30): view('inicio', Object(stdClass))
 2 SYSTEMPATH\CodeIgniter.php(941): App\Controllers\Inicio->inicio()
 3 SYSTEMPATH\CodeIgniter.php(502): CodeIgniter\CodeIgniter->runController(Object(App\Controllers\Inicio))
 4 SYSTEMPATH\CodeIgniter.php(361): CodeIgniter\CodeIgniter->handleRequest(null, Object(Config\Cache), false)
 5 FCPATH\index.php(79): CodeIgniter\CodeIgniter->run()
CRITICAL - 2024-02-02 17:21:13 --> TypeError: view(): Argument #2 ($data) must be of type array, stdClass given, called in C:\xampp\htdocs\solicitudesBackend\app\Controllers\Inicio.php on line 30
in SYSTEMPATH\Common.php on line 1166.
 1 APPPATH\Controllers\Inicio.php(30): view('inicio', Object(stdClass))
 2 SYSTEMPATH\CodeIgniter.php(941): App\Controllers\Inicio->inicio()
 3 SYSTEMPATH\CodeIgniter.php(502): CodeIgniter\CodeIgniter->runController(Object(App\Controllers\Inicio))
 4 SYSTEMPATH\CodeIgniter.php(361): CodeIgniter\CodeIgniter->handleRequest(null, Object(Config\Cache), false)
 5 FCPATH\index.php(79): CodeIgniter\CodeIgniter->run()
CRITICAL - 2024-02-02 17:22:07 --> ErrorException: Assignments can only happen to writable values
in APPPATH\Controllers\Inicio.php on line 19.
 1 [internal function]: CodeIgniter\Debug\Exceptions->shutdownHandler()
CRITICAL - 2024-02-02 17:22:31 --> ErrorException: Assignments can only happen to writable values
in APPPATH\Controllers\Inicio.php on line 19.
 1 [internal function]: CodeIgniter\Debug\Exceptions->shutdownHandler()
CRITICAL - 2024-02-02 17:22:42 --> ErrorException: Assignments can only happen to writable values
in APPPATH\Controllers\Inicio.php on line 19.
 1 [internal function]: CodeIgniter\Debug\Exceptions->shutdownHandler()
CRITICAL - 2024-02-02 17:22:58 --> TypeError: view(): Argument #2 ($data) must be of type array, null given, called in C:\xampp\htdocs\solicitudesBackend\app\Controllers\Inicio.php on line 31
in SYSTEMPATH\Common.php on line 1166.
 1 APPPATH\Controllers\Inicio.php(31): view('inicio', null)
 2 SYSTEMPATH\CodeIgniter.php(941): App\Controllers\Inicio->inicio()
 3 SYSTEMPATH\CodeIgniter.php(502): CodeIgniter\CodeIgniter->runController(Object(App\Controllers\Inicio))
 4 SYSTEMPATH\CodeIgniter.php(361): CodeIgniter\CodeIgniter->handleRequest(null, Object(Config\Cache), false)
 5 FCPATH\index.php(79): CodeIgniter\CodeIgniter->run()
CRITICAL - 2024-02-02 17:23:06 --> TypeError: view(): Argument #2 ($data) must be of type array, stdClass given, called in C:\xampp\htdocs\solicitudesBackend\app\Controllers\Inicio.php on line 31
in SYSTEMPATH\Common.php on line 1166.
 1 APPPATH\Controllers\Inicio.php(31): view('inicio', Object(stdClass))
 2 SYSTEMPATH\CodeIgniter.php(941): App\Controllers\Inicio->inicio()
 3 SYSTEMPATH\CodeIgniter.php(502): CodeIgniter\CodeIgniter->runController(Object(App\Controllers\Inicio))
 4 SYSTEMPATH\CodeIgniter.php(361): CodeIgniter\CodeIgniter->handleRequest(null, Object(Config\Cache), false)
 5 FCPATH\index.php(79): CodeIgniter\CodeIgniter->run()
CRITICAL - 2024-02-02 17:39:39 --> TypeError: view(): Argument #2 ($data) must be of type array, stdClass given, called in C:\xampp\htdocs\solicitudesBackend\app\Controllers\Inicio.php on line 31
in SYSTEMPATH\Common.php on line 1166.
 1 APPPATH\Controllers\Inicio.php(31): view('inicio', Object(stdClass))
 2 SYSTEMPATH\CodeIgniter.php(941): App\Controllers\Inicio->inicio()
 3 SYSTEMPATH\CodeIgniter.php(502): CodeIgniter\CodeIgniter->runController(Object(App\Controllers\Inicio))
 4 SYSTEMPATH\CodeIgniter.php(361): CodeIgniter\CodeIgniter->handleRequest(null, Object(Config\Cache), false)
 5 FCPATH\index.php(79): CodeIgniter\CodeIgniter->run()
CRITICAL - 2024-02-02 17:39:42 --> TypeError: view(): Argument #2 ($data) must be of type array, null given, called in C:\xampp\htdocs\solicitudesBackend\app\Controllers\Inicio.php on line 31
in SYSTEMPATH\Common.php on line 1166.
 1 APPPATH\Controllers\Inicio.php(31): view('inicio', null)
 2 SYSTEMPATH\CodeIgniter.php(941): App\Controllers\Inicio->inicio()
 3 SYSTEMPATH\CodeIgniter.php(502): CodeIgniter\CodeIgniter->runController(Object(App\Controllers\Inicio))
 4 SYSTEMPATH\CodeIgniter.php(361): CodeIgniter\CodeIgniter->handleRequest(null, Object(Config\Cache), false)
 5 FCPATH\index.php(79): CodeIgniter\CodeIgniter->run()
CRITICAL - 2024-02-02 17:40:52 --> ErrorException: Undefined variable $validar
in APPPATH\Views\inicio.php on line 4.
 1 APPPATH\Views\inicio.php(4): CodeIgniter\Debug\Exceptions->errorHandler(2, 'Undefined variable $validar', 'C:\\xampp\\htdocs\\solicitudesBackend\\app\\Views\\inicio.php', 4)
 2 SYSTEMPATH\View\View.php(228): include('C:\\xampp\\htdocs\\solicitudesBackend\\app\\Views\\inicio.php')
 3 SYSTEMPATH\View\View.php(231): CodeIgniter\View\View->CodeIgniter\View\{closure}()
 4 SYSTEMPATH\Common.php(1178): CodeIgniter\View\View->render('inicio', [], true)
 5 APPPATH\Controllers\Inicio.php(31): view('inicio', [...])
 6 SYSTEMPATH\CodeIgniter.php(941): App\Controllers\Inicio->inicio()
 7 SYSTEMPATH\CodeIgniter.php(502): CodeIgniter\CodeIgniter->runController(Object(App\Controllers\Inicio))
 8 SYSTEMPATH\CodeIgniter.php(361): CodeIgniter\CodeIgniter->handleRequest(null, Object(Config\Cache), false)
 9 FCPATH\index.php(79): CodeIgniter\CodeIgniter->run()
CRITICAL - 2024-02-02 17:40:58 --> ErrorException: Undefined variable $validar
in APPPATH\Views\inicio.php on line 4.
 1 APPPATH\Views\inicio.php(4): CodeIgniter\Debug\Exceptions->errorHandler(2, 'Undefined variable $validar', 'C:\\xampp\\htdocs\\solicitudesBackend\\app\\Views\\inicio.php', 4)
 2 SYSTEMPATH\View\View.php(228): include('C:\\xampp\\htdocs\\solicitudesBackend\\app\\Views\\inicio.php')
 3 SYSTEMPATH\View\View.php(231): CodeIgniter\View\View->CodeIgniter\View\{closure}()
 4 SYSTEMPATH\Common.php(1178): CodeIgniter\View\View->render('inicio', [], true)
 5 APPPATH\Controllers\Inicio.php(31): view('inicio', [...])
 6 SYSTEMPATH\CodeIgniter.php(941): App\Controllers\Inicio->inicio()
 7 SYSTEMPATH\CodeIgniter.php(502): CodeIgniter\CodeIgniter->runController(Object(App\Controllers\Inicio))
 8 SYSTEMPATH\CodeIgniter.php(361): CodeIgniter\CodeIgniter->handleRequest(null, Object(Config\Cache), false)
 9 FCPATH\index.php(79): CodeIgniter\CodeIgniter->run()
CRITICAL - 2024-02-02 17:41:50 --> ErrorException: Attempt to read property "nombre" on int
in APPPATH\Views\inicio.php on line 4.
 1 APPPATH\Views\inicio.php(4): CodeIgniter\Debug\Exceptions->errorHandler(2, 'Attempt to read property "nombre" on int', 'C:\\xampp\\htdocs\\solicitudesBackend\\app\\Views\\inicio.php', 4)
 2 SYSTEMPATH\View\View.php(228): include('C:\\xampp\\htdocs\\solicitudesBackend\\app\\Views\\inicio.php')
 3 SYSTEMPATH\View\View.php(231): CodeIgniter\View\View->CodeIgniter\View\{closure}()
 4 SYSTEMPATH\Common.php(1178): CodeIgniter\View\View->render('inicio', [], true)
 5 APPPATH\Controllers\Inicio.php(31): view('inicio', [...])
 6 SYSTEMPATH\CodeIgniter.php(941): App\Controllers\Inicio->inicio()
 7 SYSTEMPATH\CodeIgniter.php(502): CodeIgniter\CodeIgniter->runController(Object(App\Controllers\Inicio))
 8 SYSTEMPATH\CodeIgniter.php(361): CodeIgniter\CodeIgniter->handleRequest(null, Object(Config\Cache), false)
 9 FCPATH\index.php(79): CodeIgniter\CodeIgniter->run()
CRITICAL - 2024-02-02 17:44:32 --> TypeError: App\Controllers\Inicio::inicio(): Return value must be of type string, CodeIgniter\HTTP\RedirectResponse returned
in APPPATH\Controllers\Inicio.php on line 31.
 1 SYSTEMPATH\CodeIgniter.php(941): App\Controllers\Inicio->inicio()
 2 SYSTEMPATH\CodeIgniter.php(502): CodeIgniter\CodeIgniter->runController(Object(App\Controllers\Inicio))
 3 SYSTEMPATH\CodeIgniter.php(361): CodeIgniter\CodeIgniter->handleRequest(null, Object(Config\Cache), false)
 4 FCPATH\index.php(79): CodeIgniter\CodeIgniter->run()
CRITICAL - 2024-02-02 17:44:46 --> TypeError: App\Controllers\Inicio::inicio(): Return value must be of type string, CodeIgniter\HTTP\RedirectResponse returned
in APPPATH\Controllers\Inicio.php on line 31.
 1 SYSTEMPATH\CodeIgniter.php(941): App\Controllers\Inicio->inicio()
 2 SYSTEMPATH\CodeIgniter.php(502): CodeIgniter\CodeIgniter->runController(Object(App\Controllers\Inicio))
 3 SYSTEMPATH\CodeIgniter.php(361): CodeIgniter\CodeIgniter->handleRequest(null, Object(Config\Cache), false)
 4 FCPATH\index.php(79): CodeIgniter\CodeIgniter->run()
CRITICAL - 2024-02-02 17:45:04 --> TypeError: App\Controllers\Inicio::inicio(): Return value must be of type string, CodeIgniter\HTTP\RedirectResponse returned
in APPPATH\Controllers\Inicio.php on line 31.
 1 SYSTEMPATH\CodeIgniter.php(941): App\Controllers\Inicio->inicio()
 2 SYSTEMPATH\CodeIgniter.php(502): CodeIgniter\CodeIgniter->runController(Object(App\Controllers\Inicio))
 3 SYSTEMPATH\CodeIgniter.php(361): CodeIgniter\CodeIgniter->handleRequest(null, Object(Config\Cache), false)
 4 FCPATH\index.php(79): CodeIgniter\CodeIgniter->run()
CRITICAL - 2024-02-02 17:45:31 --> TypeError: App\Controllers\Inicio::inicio(): Return value must be of type string, CodeIgniter\HTTP\RedirectResponse returned
in APPPATH\Controllers\Inicio.php on line 31.
 1 SYSTEMPATH\CodeIgniter.php(941): App\Controllers\Inicio->inicio()
 2 SYSTEMPATH\CodeIgniter.php(502): CodeIgniter\CodeIgniter->runController(Object(App\Controllers\Inicio))
 3 SYSTEMPATH\CodeIgniter.php(361): CodeIgniter\CodeIgniter->handleRequest(null, Object(Config\Cache), false)
 4 FCPATH\index.php(79): CodeIgniter\CodeIgniter->run()
CRITICAL - 2024-02-02 17:46:24 --> TypeError: App\Controllers\Inicio::inicio(): Return value must be of type string, CodeIgniter\HTTP\RedirectResponse returned
in APPPATH\Controllers\Inicio.php on line 31.
 1 SYSTEMPATH\CodeIgniter.php(941): App\Controllers\Inicio->inicio()
 2 SYSTEMPATH\CodeIgniter.php(502): CodeIgniter\CodeIgniter->runController(Object(App\Controllers\Inicio))
 3 SYSTEMPATH\CodeIgniter.php(361): CodeIgniter\CodeIgniter->handleRequest(null, Object(Config\Cache), false)
 4 FCPATH\index.php(79): CodeIgniter\CodeIgniter->run()
CRITICAL - 2024-02-02 17:47:50 --> TypeError: App\Controllers\Inicio::inicio(): Return value must be of type string, CodeIgniter\HTTP\RedirectResponse returned
in APPPATH\Controllers\Inicio.php on line 31.
 1 SYSTEMPATH\CodeIgniter.php(941): App\Controllers\Inicio->inicio()
 2 SYSTEMPATH\CodeIgniter.php(502): CodeIgniter\CodeIgniter->runController(Object(App\Controllers\Inicio))
 3 SYSTEMPATH\CodeIgniter.php(361): CodeIgniter\CodeIgniter->handleRequest(null, Object(Config\Cache), false)
 4 FCPATH\index.php(79): CodeIgniter\CodeIgniter->run()
CRITICAL - 2024-02-02 17:48:12 --> TypeError: App\Controllers\Inicio::inicio(): Return value must be of type string, none returned
in APPPATH\Controllers\Inicio.php on line 32.
 1 SYSTEMPATH\CodeIgniter.php(941): App\Controllers\Inicio->inicio()
 2 SYSTEMPATH\CodeIgniter.php(502): CodeIgniter\CodeIgniter->runController(Object(App\Controllers\Inicio))
 3 SYSTEMPATH\CodeIgniter.php(361): CodeIgniter\CodeIgniter->handleRequest(null, Object(Config\Cache), false)
 4 FCPATH\index.php(79): CodeIgniter\CodeIgniter->run()
CRITICAL - 2024-02-02 17:49:32 --> CodeIgniter\HTTP\Exceptions\HTTPException: The route for "http://localhost/solicitudesbackend/" cannot be found.
in SYSTEMPATH\HTTP\RedirectResponse.php on line 62.
 1 SYSTEMPATH\HTTP\RedirectResponse.php(62): CodeIgniter\HTTP\Exceptions\HTTPException::forInvalidRedirectRoute('http://localhost/solicitudesbackend/')
 2 SYSTEMPATH\Common.php(864): CodeIgniter\HTTP\RedirectResponse->route(false)
 3 APPPATH\Controllers\Inicio.php(31): redirect('http://localhost/solicitudesbackend/')
 4 SYSTEMPATH\CodeIgniter.php(941): App\Controllers\Inicio->inicio()
 5 SYSTEMPATH\CodeIgniter.php(502): CodeIgniter\CodeIgniter->runController(Object(App\Controllers\Inicio))
 6 SYSTEMPATH\CodeIgniter.php(361): CodeIgniter\CodeIgniter->handleRequest(null, Object(Config\Cache), false)
 7 FCPATH\index.php(79): CodeIgniter\CodeIgniter->run()
CRITICAL - 2024-02-02 18:49:25 --> Error: Class "App\Controllers\administracion\BaseController" not found
in APPPATH\Controllers\administracion\sexo.php on line 7.
 1 SYSTEMPATH\Autoloader\Autoloader.php(309): include_once()
 2 SYSTEMPATH\Autoloader\Autoloader.php(288): CodeIgniter\Autoloader\Autoloader->includeFile('C:\\xampp\\htdocs\\solicitudesBackend\\app\\Controllers\\administracion\\sexo.php')
 3 SYSTEMPATH\Autoloader\Autoloader.php(266): CodeIgniter\Autoloader\Autoloader->loadInNamespace('App\\Controllers\\administracion\\sexo')
 4 [internal function]: CodeIgniter\Autoloader\Autoloader->loadClass('App\\Controllers\\administracion\\sexo')
 5 SYSTEMPATH\CodeIgniter.php(899): class_exists('\\App\\Controllers\\administracion\\sexo', true)
 6 SYSTEMPATH\CodeIgniter.php(489): CodeIgniter\CodeIgniter->startController()
 7 SYSTEMPATH\CodeIgniter.php(361): CodeIgniter\CodeIgniter->handleRequest(null, Object(Config\Cache), false)
 8 FCPATH\index.php(79): CodeIgniter\CodeIgniter->run()
CRITICAL - 2024-02-02 18:49:44 --> Error: Class "App\Controllers\administracion\App\Controllers\BaseController" not found
in APPPATH\Controllers\administracion\sexo.php on line 7.
 1 SYSTEMPATH\Autoloader\Autoloader.php(309): include_once()
 2 SYSTEMPATH\Autoloader\Autoloader.php(288): CodeIgniter\Autoloader\Autoloader->includeFile('C:\\xampp\\htdocs\\solicitudesBackend\\app\\Controllers\\administracion\\sexo.php')
 3 SYSTEMPATH\Autoloader\Autoloader.php(266): CodeIgniter\Autoloader\Autoloader->loadInNamespace('App\\Controllers\\administracion\\sexo')
 4 [internal function]: CodeIgniter\Autoloader\Autoloader->loadClass('App\\Controllers\\administracion\\sexo')
 5 SYSTEMPATH\CodeIgniter.php(899): class_exists('\\App\\Controllers\\administracion\\sexo', true)
 6 SYSTEMPATH\CodeIgniter.php(489): CodeIgniter\CodeIgniter->startController()
 7 SYSTEMPATH\CodeIgniter.php(361): CodeIgniter\CodeIgniter->handleRequest(null, Object(Config\Cache), false)
 8 FCPATH\index.php(79): CodeIgniter\CodeIgniter->run()
CRITICAL - 2024-02-02 18:49:46 --> Error: Class "App\Controllers\administracion\App\Controllers\BaseController" not found
in APPPATH\Controllers\administracion\sexo.php on line 7.
 1 SYSTEMPATH\Autoloader\Autoloader.php(309): include_once()
 2 SYSTEMPATH\Autoloader\Autoloader.php(288): CodeIgniter\Autoloader\Autoloader->includeFile('C:\\xampp\\htdocs\\solicitudesBackend\\app\\Controllers\\administracion\\sexo.php')
 3 SYSTEMPATH\Autoloader\Autoloader.php(266): CodeIgniter\Autoloader\Autoloader->loadInNamespace('App\\Controllers\\administracion\\sexo')
 4 [internal function]: CodeIgniter\Autoloader\Autoloader->loadClass('App\\Controllers\\administracion\\sexo')
 5 SYSTEMPATH\CodeIgniter.php(899): class_exists('\\App\\Controllers\\administracion\\sexo', true)
 6 SYSTEMPATH\CodeIgniter.php(489): CodeIgniter\CodeIgniter->startController()
 7 SYSTEMPATH\CodeIgniter.php(361): CodeIgniter\CodeIgniter->handleRequest(null, Object(Config\Cache), false)
 8 FCPATH\index.php(79): CodeIgniter\CodeIgniter->run()
